02-14-2021-21-49-22[ss][EXCEPTION]: Traceback (most recent call last):
  File "/home/spotify/projects/zeus/src/application/spotify/Spotify.py", line 254, in register
    email_field = self.driver.find_element_by_id( "email" )
  File "/home/spotify/.local/lib/python3.9/site-packages/selenium/webdriver/remote/webdriver.py", line 360, in find_element_by_id
    return self.find_element(by=By.ID, value=id_)
  File "/home/spotify/.local/lib/python3.9/site-packages/selenium/webdriver/remote/webdriver.py", line 976, in find_element
    return self.execute(Command.FIND_ELEMENT, {
  File "/home/spotify/.local/lib/python3.9/site-packages/selenium/webdriver/remote/webdriver.py", line 321, in execute
    self.error_handler.check_response(response)
  File "/home/spotify/.local/lib/python3.9/site-packages/selenium/webdriver/remote/errorhandler.py", line 242, in check_response
    raise exception_class(message, screen, stacktrace)
selenium.common.exceptions.NoSuchElementException: Message: no such element: Unable to locate element: {"method":"css selector","selector":"[id="email"]"}
  (Session info: chrome=85.0.4183.83)


02-14-2021-21-50-39[ss][EXCEPTION]: Traceback (most recent call last):
  File "/home/spotify/projects/zeus/src/application/spotify/Spotify.py", line 254, in register
    email_field = self.driver.find_element_by_id( "email" )
  File "/home/spotify/.local/lib/python3.9/site-packages/selenium/webdriver/remote/webdriver.py", line 360, in find_element_by_id
    return self.find_element(by=By.ID, value=id_)
  File "/home/spotify/.local/lib/python3.9/site-packages/selenium/webdriver/remote/webdriver.py", line 976, in find_element
    return self.execute(Command.FIND_ELEMENT, {
  File "/home/spotify/.local/lib/python3.9/site-packages/selenium/webdriver/remote/webdriver.py", line 321, in execute
    self.error_handler.check_response(response)
  File "/home/spotify/.local/lib/python3.9/site-packages/selenium/webdriver/remote/errorhandler.py", line 242, in check_response
    raise exception_class(message, screen, stacktrace)
selenium.common.exceptions.NoSuchElementException: Message: no such element: Unable to locate element: {"method":"css selector","selector":"[id="email"]"}
  (Session info: chrome=85.0.4183.83)


02-14-2021-21-51-22[ss][EXCEPTION]: Traceback (most recent call last):
  File "/home/spotify/projects/zeus/src/application/spotify/Spotify.py", line 250, in register
    self.driver.get( SIGNUP_URL )
  File "/home/spotify/.local/lib/python3.9/site-packages/selenium/webdriver/remote/webdriver.py", line 333, in get
    self.execute(Command.GET, {'url': url})
  File "/home/spotify/.local/lib/python3.9/site-packages/selenium/webdriver/remote/webdriver.py", line 321, in execute
    self.error_handler.check_response(response)
  File "/home/spotify/.local/lib/python3.9/site-packages/selenium/webdriver/remote/errorhandler.py", line 242, in check_response
    raise exception_class(message, screen, stacktrace)
selenium.common.exceptions.WebDriverException: Message: unknown error: net::ERR_TUNNEL_CONNECTION_FAILED
  (Session info: chrome=85.0.4183.83)


02-14-2021-21-52-03[ss][EXCEPTION]: Traceback (most recent call last):
  File "/home/spotify/projects/zeus/src/application/spotify/Spotify.py", line 250, in register
    self.driver.get( SIGNUP_URL )
  File "/home/spotify/.local/lib/python3.9/site-packages/selenium/webdriver/remote/webdriver.py", line 333, in get
    self.execute(Command.GET, {'url': url})
  File "/home/spotify/.local/lib/python3.9/site-packages/selenium/webdriver/remote/webdriver.py", line 321, in execute
    self.error_handler.check_response(response)
  File "/home/spotify/.local/lib/python3.9/site-packages/selenium/webdriver/remote/errorhandler.py", line 242, in check_response
    raise exception_class(message, screen, stacktrace)
selenium.common.exceptions.WebDriverException: Message: unknown error: net::ERR_TUNNEL_CONNECTION_FAILED
  (Session info: chrome=85.0.4183.83)


02-14-2021-21-54-49[ss][EXCEPTION]: Traceback (most recent call last):
  File "/home/spotify/projects/zeus/src/application/spotify/Spotify.py", line 254, in register
    email_field = self.driver.find_element_by_id( "email" )
  File "/home/spotify/.local/lib/python3.9/site-packages/selenium/webdriver/remote/webdriver.py", line 360, in find_element_by_id
    return self.find_element(by=By.ID, value=id_)
  File "/home/spotify/.local/lib/python3.9/site-packages/selenium/webdriver/remote/webdriver.py", line 976, in find_element
    return self.execute(Command.FIND_ELEMENT, {
  File "/home/spotify/.local/lib/python3.9/site-packages/selenium/webdriver/remote/webdriver.py", line 321, in execute
    self.error_handler.check_response(response)
  File "/home/spotify/.local/lib/python3.9/site-packages/selenium/webdriver/remote/errorhandler.py", line 242, in check_response
    raise exception_class(message, screen, stacktrace)
selenium.common.exceptions.NoSuchElementException: Message: no such element: Unable to locate element: {"method":"css selector","selector":"[id="email"]"}
  (Session info: chrome=85.0.4183.83)


02-14-2021-21-57-16[ss][EXCEPTION]: Traceback (most recent call last):
  File "/home/spotify/projects/zeus/src/application/spotify/Spotify.py", line 250, in register
    self.driver.get( SIGNUP_URL )
  File "/home/spotify/.local/lib/python3.9/site-packages/selenium/webdriver/remote/webdriver.py", line 333, in get
    self.execute(Command.GET, {'url': url})
  File "/home/spotify/.local/lib/python3.9/site-packages/selenium/webdriver/remote/webdriver.py", line 321, in execute
    self.error_handler.check_response(response)
  File "/home/spotify/.local/lib/python3.9/site-packages/selenium/webdriver/remote/errorhandler.py", line 242, in check_response
    raise exception_class(message, screen, stacktrace)
selenium.common.exceptions.TimeoutException: Message: timeout: Timed out receiving message from renderer: 296.000
  (Session info: chrome=85.0.4183.83)


02-14-2021-21-57-48[ss][EXCEPTION]: Traceback (most recent call last):
  File "/home/spotify/projects/zeus/src/application/spotify/Spotify.py", line 314, in register
    sleep(10)
KeyboardInterrupt

